Log file created at: 2021/07/01 14:54:54
Running on machine: sql-All-Series
Running duration (h:mm:ss): 0:00:00
Log line format: [IWEF]yyyymmdd hh:mm:ss.uuuuuu threadid file:line] msg
I20210701 14:54:54.648042 14292 EventServer.cpp:96] EventServer startup
I20210701 14:54:57.158690 14308 buffer.cpp:34] read:adbddddnadbddddnadbddddnadbdddd
I20210701 14:54:57.158696 14307 buffer.cpp:34] read:adbddddnadbddddnadbddddnadbdddd
I20210701 14:54:57.158941 14307 buffer.cpp:34] read:adbddddnadbddddnadbddddnadbdddd
I20210701 14:54:57.159008 14307 buffer.cpp:34] read:adbddddnadbddddnadbddddnadbdddd
I20210701 14:54:57.159045 14307 buffer.cpp:34] read:adbddddnadbddddnadbddddnadbdddd
I20210701 14:54:57.159076 14307 buffer.cpp:34] read:adbddddnadbddddnadbddddnadbdddd
I20210701 14:54:57.159107 14307 buffer.cpp:62] write:adbddddnadbddddnadbddddnadbdddd
I20210701 14:54:57.159210 14307 buffer.cpp:34] read:adbddddnadbddddnadbddddnadbdddd
I20210701 14:54:57.159256 14307 buffer.cpp:34] read:adbddddnadbddddnadbddddnadbdddd
I20210701 14:54:57.159286 14307 buffer.cpp:34] read:adbddddnadbddddnadbddddnadbdddd
I20210701 14:54:57.159312 14307 buffer.cpp:62] write:adbddddnadbddddnadbddddnadbdddd
I20210701 14:54:57.159377 14307 buffer.cpp:34] read:adbddddnadbddddnadbddddnadbdddd
I20210701 14:54:57.159416 14307 buffer.cpp:34] read:adbddddnadbddddnadbddddnadbdddd
I20210701 14:54:57.159447 14307 buffer.cpp:34] read:adbddddnadbddddnadbddddnadbdddd
I20210701 14:54:57.159472 14307 buffer.cpp:62] write:adbddddnadbddddnadbddddnadbdddd
I20210701 14:54:57.159531 14307 buffer.cpp:34] read:adbddddnadbddddnadbddddnadbdddd
I20210701 14:54:57.159570 14307 buffer.cpp:34] read:adbddddnadbddddnadbddddnadbdddd
I20210701 14:54:57.159600 14307 buffer.cpp:34] read:adbddddnadbddddnadbddddnadbdddd
I20210701 14:54:57.159626 14307 buffer.cpp:62] write:adbddddnadbddddnadbddddnadbdddd
I20210701 14:54:57.159682 14307 buffer.cpp:34] read:adbddddnadbddddnadbddddnadbdddd
I20210701 14:54:57.159729 14307 buffer.cpp:34] read:adbddddnadbddddnadbddddnadbdddd
I20210701 14:54:57.159759 14307 buffer.cpp:62] write:adbddddnadbddddnadbddddnadbdddd
I20210701 14:54:57.159828 14307 buffer.cpp:34] read:adbddddnadbddddnadbddddnadbdddd
I20210701 14:54:57.159891 14307 buffer.cpp:34] read:adbddddnadbddddnadbddddnadbdddd
I20210701 14:54:57.159925 14307 buffer.cpp:34] read:adbddddnadbddddnadbddddnadbdddd
I20210701 14:54:57.159950 14307 buffer.cpp:62] write:adbddddnadbddddnadbddddnadbdddd
I20210701 14:54:57.160007 14307 buffer.cpp:34] read:adbddddnadbddddnadbddddnadbdddd
I20210701 14:54:57.160044 14307 buffer.cpp:34] read:adbddddnadbddddnadbddddnadbdddd
I20210701 14:54:57.160069 14307 buffer.cpp:62] write:adbddddnadbddddnadbddddnadbdddd
I20210701 14:54:57.160125 14307 buffer.cpp:34] read:adbddddnadbddddnadbddddnadbdddd
I20210701 14:54:57.160168 14307 buffer.cpp:34] read:adbddddnadbddddnadbddddnadbdddd
I20210701 14:54:57.160198 14307 buffer.cpp:34] read:adbddddnadbddddnadbddddnadbdddd
I20210701 14:54:57.160223 14307 buffer.cpp:62] write:adbddddnadbddddnadbddddnadbdddd
I20210701 14:54:57.160282 14307 buffer.cpp:34] read:adbddddnadbddddnadbddddnadbdddd
I20210701 14:54:57.160318 14307 buffer.cpp:34] read:adbddddnadbddddnadbddddnadbdddd
I20210701 14:54:57.160343 14307 buffer.cpp:62] write:adbddddnadbddddnadbddddnadbdddd
I20210701 14:54:57.160401 14307 buffer.cpp:34] read:adbddddnadbddddnadbddddnadbdddd
I20210701 14:54:57.160439 14307 buffer.cpp:34] read:adbddddnadbddddnadbddddnadbdddd
I20210701 14:54:57.160468 14307 buffer.cpp:34] read:adbddddnadbddddnadbddddnadbdddd
I20210701 14:54:57.160493 14307 buffer.cpp:62] write:adbddddnadbddddnadbddddnadbdddd
I20210701 14:54:57.160552 14307 buffer.cpp:34] read:adbddddnadbddddnadbddddnadbdddd
I20210701 14:54:57.160593 14307 buffer.cpp:34] read:adbddddnadbddddnadbddddnadbdddd
I20210701 14:54:57.160622 14307 buffer.cpp:34] read:adbddddnadbddddnadbddddnadbdddd
I20210701 14:54:57.160647 14307 buffer.cpp:62] write:adbddddnadbddddnadbddddnadbdddd
I20210701 14:54:57.160707 14307 buffer.cpp:34] read:adbddddnadbddddnadbddddnadbdddd
I20210701 14:54:57.160750 14307 buffer.cpp:34] read:adbddddnadbddddnadbddddnadbdddd
I20210701 14:54:57.160807 14307 buffer.cpp:34] read:adbddddnadbddddnadbddddnadbdddd
I20210701 14:54:57.160835 14307 buffer.cpp:62] write:adbddddnadbddddnadbddddnadbdddd
I20210701 14:54:57.160895 14307 buffer.cpp:34] read:adbddddnadbddddnadbddddnadbdddd
I20210701 14:54:57.160933 14307 buffer.cpp:34] read:adbddddnadbddddnadbddddnadbdddd
I20210701 14:54:57.160964 14307 buffer.cpp:34] read:adbddddnadbddddnadbddddnadbdddd
I20210701 14:54:57.160988 14307 buffer.cpp:62] write:adbddddnadbddddnadbddddnadbdddd
I20210701 14:54:57.161049 14307 buffer.cpp:34] read:adbddddnadbddddnadbddddnadbdddd
I20210701 14:54:57.161087 14307 buffer.cpp:34] read:adbddddnadbddddnadbddddnadbdddd
I20210701 14:54:57.161118 14307 buffer.cpp:34] read:adbddddnadbddddnadbddddnadbdddd
I20210701 14:54:57.161142 14307 buffer.cpp:62] write:adbddddnadbddddnadbddddnadbdddd
I20210701 14:54:57.161199 14307 buffer.cpp:34] read:adbddddnadbddddnadbddddnadbdddd
I20210701 14:54:57.161235 14307 buffer.cpp:34] read:adbddddnadbddddnadbddddnadbdddd
I20210701 14:54:57.161262 14307 buffer.cpp:62] write:adbddddnadbddddnadbddddnadbdddd
I20210701 14:54:57.161319 14307 buffer.cpp:34] read:adbddddnadbddddnadbddddnadbdddd
I20210701 14:54:57.161358 14307 buffer.cpp:34] read:adbddddnadbddddnadbddddnadbdddd
I20210701 14:54:57.161387 14307 buffer.cpp:34] read:adbddddnadbddddnadbddddnadbdddd
I20210701 14:54:57.161413 14307 buffer.cpp:62] write:adbddddnadbddddnadbddddnadbdddd
I20210701 14:54:57.161471 14307 buffer.cpp:34] read:adbddddnadbddddnadbddddnadbdddd
I20210701 14:54:57.161512 14307 buffer.cpp:34] read:adbddddnadbddddnadbddddnadbdddd
I20210701 14:54:57.161541 14307 buffer.cpp:34] read:adbddddnadbddddnadbddddnadbdddd
I20210701 14:54:57.161566 14307 buffer.cpp:62] write:adbddddnadbddddnadbddddnadbdddd
I20210701 14:54:57.161623 14307 buffer.cpp:34] read:adbddddnadbddddnadbddddnadbdddd
I20210701 14:54:57.161693 14307 buffer.cpp:34] read:adbddddnadbddddnadbddddnadbdddd
I20210701 14:54:57.161725 14307 buffer.cpp:34] read:adbddddnadbddddnadbddddnadbdddd
I20210701 14:54:57.161749 14307 buffer.cpp:62] write:adbddddnadbddddnadbddddnadbdddd
I20210701 14:54:57.161813 14307 buffer.cpp:34] read:adbddddnadbddddnadbddddnadbdddd
I20210701 14:54:57.161852 14307 buffer.cpp:34] read:adbddddnadbddddnadbddddnadbdddd
I20210701 14:54:57.161881 14307 buffer.cpp:34] read:adbddddnadbddddnadbddddnadbdddd
I20210701 14:54:57.161906 14307 buffer.cpp:62] write:adbddddnadbddddnadbddddnadbdddd
I20210701 14:54:57.161967 14307 buffer.cpp:34] read:adbddddnadbddddnadbddddnadbdddd
I20210701 14:54:57.162009 14307 buffer.cpp:34] read:adbddddnadbddddnadbddddnadbdddd
I20210701 14:54:57.162039 14307 buffer.cpp:34] read:adbddddnadbddddnadbddddnadbdddd
I20210701 14:54:57.162063 14307 buffer.cpp:62] write:adbddddnadbddddnadbddddnadbdddd
I20210701 14:54:57.162123 14307 buffer.cpp:34] read:adbddddnadbddddnadbddddnadbdddd
I20210701 14:54:57.162159 14307 buffer.cpp:34] read:adbddddnadbddddnadbddddnadbdddd
I20210701 14:54:57.162184 14307 buffer.cpp:62] write:adbddddnadbddddnadbddddnadbdddd
I20210701 14:54:57.162240 14307 buffer.cpp:34] read:adbddddnadbddddnadbddddnadbdddd
I20210701 14:54:57.162277 14307 buffer.cpp:34] read:adbddddnadbddddnadbddddnadbdddd
I20210701 14:54:57.162307 14307 buffer.cpp:34] read:adbddddnadbddddnadbddddnadbdddd
I20210701 14:54:57.162331 14307 buffer.cpp:62] write:adbddddnadbddddnadbddddnadbdddd
I20210701 14:54:57.162389 14307 buffer.cpp:34] read:adbddddnadbddddnadbddddnadbdddd
I20210701 14:54:57.162427 14307 buffer.cpp:34] read:adbddddnadbddddnadbddddnadbdddd
I20210701 14:54:57.162457 14307 buffer.cpp:34] read:adbddddnadbddddnadbddddnadbdddd
I20210701 14:54:57.162482 14307 buffer.cpp:62] write:adbddddnadbddddnadbddddnadbdddd
I20210701 14:54:57.162539 14307 buffer.cpp:34] read:adbddddnadbddddnadbddddnadbdddd
I20210701 14:54:57.162575 14307 buffer.cpp:34] read:adbddddnadbddddnadbddddnadbdddd
I20210701 14:54:57.162600 14307 buffer.cpp:62] write:adbddddnadbddddnadbddddnadbdddd
I20210701 14:54:57.162655 14307 buffer.cpp:34] read:adbddddnadbddddnadbddddnadbdddd
I20210701 14:54:57.162693 14307 buffer.cpp:34] read:adbddddnadbddddnadbddddnadbdddd
I20210701 14:54:57.162735 14307 buffer.cpp:34] read:adbddddnadbddddnadbddddnadbdddd
I20210701 14:54:57.162762 14307 buffer.cpp:62] write:adbddddnadbddddnadbddddnadbdddd
I20210701 14:54:57.162822 14307 buffer.cpp:34] read:adbddddnadbddddnadbddddnadbdddd
I20210701 14:54:57.162858 14307 buffer.cpp:34] read:adbddddnadbddddnadbddddnadbdddd
I20210701 14:54:57.162883 14307 buffer.cpp:62] write:adbddddnadbddddnadbddddnadbdddd
I20210701 14:54:57.162922 14307 buffer.cpp:34] read:
I20210701 14:54:57.162955 14307 buffer.cpp:34] read:
I20210701 14:54:57.162984 14307 buffer.cpp:34] read:
I20210701 14:54:57.163013 14307 buffer.cpp:34] read:
I20210701 14:54:57.163043 14307 buffer.cpp:34] read:
I20210701 14:54:57.163071 14307 buffer.cpp:34] read:
I20210701 14:54:57.163100 14307 buffer.cpp:34] read:
I20210701 14:54:57.163130 14307 buffer.cpp:34] read:
I20210701 14:54:57.163159 14307 buffer.cpp:34] read:
I20210701 14:54:57.163188 14307 buffer.cpp:34] read:
I20210701 14:54:57.163218 14307 buffer.cpp:34] read:
I20210701 14:54:57.158841 14308 buffer.cpp:34] read:adbddddnadbddddnadbddddnadbdddd
I20210701 14:54:57.163322 14308 buffer.cpp:34] read:adbddddnadbddddnadbddddnadbdddd
